ISim log file
Running: /home/zacharysells/Documents/cs161L/lab1/my_alu_8bit_tb_isim_beh.exe -intstyle ise -gui -tclbatch isim.cmd -wdb /home/zacharysells/Documents/cs161L/lab1/my_alu_8bit_tb_isim_beh.wdb 
ISim P.20131013 (signature 0xfbc00daa)
WARNING: A WEBPACK license was found.
WARNING: Please use Xilinx License Configuration Manager to check out a full ISim license.
WARNING: ISim will run in Lite mode. Please refer to the ISim documentation for more information on the differences between the Lite and the Full version.
This is a Lite version of ISim.
Time resolution is 1 ps
# onerror resume
# wave add /
# run 1000 ns
Simulator is doing circuit initialization process.
Finished circuit initialization process.
at 10 ns: Note: Testing Unsigned Add (/my_alu_8bit_tb/).
at 60 ns: Note: Testing Signed Add (/my_alu_8bit_tb/).
at 110 ns: Note: Testing Unsigned Sub (/my_alu_8bit_tb/).
at 160 ns: Note: Testing Signed Sub (/my_alu_8bit_tb/).
at 210 ns: Note: Testing bitwise AND (/my_alu_8bit_tb/).
at 240 ns: Note: Testing bitwise OR (/my_alu_8bit_tb/).
at 280 ns: Note: Testing bitwise XOR (/my_alu_8bit_tb/).
at 310 ns: Note: Testing divide A by 2 (/my_alu_8bit_tb/).
# exit 0
